# BLUB Migration Airdrop Log - Sat Feb 14 10:37:13 EET 2026
# New BLUB SAC: CBMFDIRY5OKI4JJURXC4SMEQPWB4UUADIADJK4NA6CYBNOYK4W4TMLLF
# Issuer: GDERSSCKJQPPXUQOZIOXGRVAGNLVPVZCJ2MAX7RCMVMWGRPVAEG7XGTK

# Distribution Summary
# Stakers: 5 users, 95142.9335182 BLUB
# Holders: 7 users, 101554.6895851 BLUB

FAIL | GARYN7BW43SNIK7ZBR44G5PJDNH2MCX4AOY5IWHEJV42FQNRVUHX7HME | 18.8000000 BLUB | staker-locked | ❌ error: transaction simulation failed: HostError: Error(Contract, #13)

Event log (newest first):
   0: [Diagnostic Event] contract:CBMFDIRY5OKI4JJURXC4SMEQPWB4UUADIADJK4NA6CYBNOYK4W4TMLLF, topics:[error, Error(Contract, #13)], data:["trustline entry is missing for account", GARYN7BW43SNIK7ZBR44G5PJDNH2MCX4AOY5IWHEJV42FQNRVUHX7HME]
   1: [Diagnostic Event] topics:[fn_call, CBMFDIRY5OKI4JJURXC4SMEQPWB4UUADIADJK4NA6CYBNOYK4W4TMLLF, mint], data:[GARYN7BW43SNIK7ZBR44G5PJDNH2MCX4AOY5IWHEJV42FQNRVUHX7HME, 188000000]
FAIL | GBNC63HMPHNBZCG6WPWZXKUC3NS7JUKBJLXEBGJMAJEGNY64QVLW5RZW | 60.0000000 BLUB | staker-locked | ❌ error: transaction simulation failed: HostError: Error(Contract, #13)

Event log (newest first):
   0: [Diagnostic Event] contract:CBMFDIRY5OKI4JJURXC4SMEQPWB4UUADIADJK4NA6CYBNOYK4W4TMLLF, topics:[error, Error(Contract, #13)], data:["trustline entry is missing for account", GBNC63HMPHNBZCG6WPWZXKUC3NS7JUKBJLXEBGJMAJEGNY64QVLW5RZW]
   1: [Diagnostic Event] topics:[fn_call, CBMFDIRY5OKI4JJURXC4SMEQPWB4UUADIADJK4NA6CYBNOYK4W4TMLLF, mint], data:[GBNC63HMPHNBZCG6WPWZXKUC3NS7JUKBJLXEBGJMAJEGNY64QVLW5RZW, 600000000]
FAIL | GBTU72UJV766YP5VM7QZGKZ27H7YGQQJOLUNOM2ZA3XBE6FZYVPI2PW5 | 93661.5335182 BLUB | staker-locked | ❌ error: transaction simulation failed: HostError: Error(Contract, #13)

Event log (newest first):
   0: [Diagnostic Event] contract:CBMFDIRY5OKI4JJURXC4SMEQPWB4UUADIADJK4NA6CYBNOYK4W4TMLLF, topics:[error, Error(Contract, #13)], data:["trustline entry is missing for account", GBTU72UJV766YP5VM7QZGKZ27H7YGQQJOLUNOM2ZA3XBE6FZYVPI2PW5]
   1: [Diagnostic Event] topics:[fn_call, CBMFDIRY5OKI4JJURXC4SMEQPWB4UUADIADJK4NA6CYBNOYK4W4TMLLF, mint], data:[GBTU72UJV766YP5VM7QZGKZ27H7YGQQJOLUNOM2ZA3XBE6FZYVPI2PW5, 936615335182]
FAIL | GBXTXYAPPDYMQUDWHOBMXSF5RRFOZUJ7OUEMQPSG3L2EXYJ6ATM6SWS6 | 141.0000000 BLUB | staker-locked | ❌ error: transaction simulation failed: HostError: Error(Contract, #13)

Event log (newest first):
   0: [Diagnostic Event] contract:CBMFDIRY5OKI4JJURXC4SMEQPWB4UUADIADJK4NA6CYBNOYK4W4TMLLF, topics:[error, Error(Contract, #13)], data:["trustline entry is missing for account", GBXTXYAPPDYMQUDWHOBMXSF5RRFOZUJ7OUEMQPSG3L2EXYJ6ATM6SWS6]
   1: [Diagnostic Event] topics:[fn_call, CBMFDIRY5OKI4JJURXC4SMEQPWB4UUADIADJK4NA6CYBNOYK4W4TMLLF, mint], data:[GBXTXYAPPDYMQUDWHOBMXSF5RRFOZUJ7OUEMQPSG3L2EXYJ6ATM6SWS6, 1410000000]
